<?xml version="1.0" encoding="UTF-8"?>
<!-- Generated by org.testng.reporters.JUnitXMLReporter -->
<testsuite ignored="1" hostname="Akshay-PC" failures="1" tests="8" name="Test" time="1.996" errors="0" timestamp="2023-10-17T13:36:28 IST">
  <testcase classname="org.fxb.experts_staging.base.InitiatingBrowser_for_Registration" name="@BeforeSuite restrictionPage" time="-1.697529986097E9">
    <failure type="org.testng.TestNGException" message="
Parameter &amp;apos;Browser&amp;apos; is required by BeforeSuite on method restrictionPage but has not been marked @Optional or defined
in C:\Users\Fxbytes\eclipse-workspace\Fxbytes_Experts-Staging\testng.xml">
      <![CDATA[org.testng.TestNGException: 
Parameter 'Browser' is required by BeforeSuite on method restrictionPage but has not been marked @Optional or defined
in C:\Users\Fxbytes\eclipse-workspace\Fxbytes_Experts-Staging\testng.xml
... Removed 16 stack frames]]>
    </failure>
  </testcase> <!-- @BeforeSuite restrictionPage -->
  <testcase classname="org.fxb.experts_staging.testcases.TC_For_Registration_Experts_Staging" name="step_1_Confirm_Eligibility" time="0.0">
    <skipped/>
  </testcase> <!-- step_1_Confirm_Eligibility -->
  <testcase classname="org.fxb.experts_staging.testcases.TC_For_Registration_Experts_Staging" name="step_2_Create_Your_Account" time="0.0">
    <skipped/>
  </testcase> <!-- step_2_Create_Your_Account -->
  <testcase classname="org.fxb.experts_staging.testcases.TC_For_Registration_Experts_Staging" name="step_2_Create_Your_Account" time="0.0">
    <skipped/>
  </testcase> <!-- step_2_Create_Your_Account -->
  <testcase classname="org.fxb.experts_staging.testcases.TC_For_Registration_Experts_Staging" name="step_2_click_next_button" time="0.0">
    <skipped/>
  </testcase> <!-- step_2_click_next_button -->
  <testcase classname="org.fxb.experts_staging.testcases.TC_For_Registration_Experts_Staging" name="step_3_Basic_Data" time="0.066">
    <failure type="org.testng.internal.reflect.MethodMatcherException" message="
[public void org.fxb.experts_staging.testcases.TC_For_Registration_Experts_Staging.step_3_Basic_Data(java.lang.String) throws java.lang.InterruptedException] has no parameters defined but was found to be using a data provider (either explicitly specified or inherited from class level annotation).
Data provider mismatch
Method: step_3_Basic_Data([Parameter{index=0, type=java.lang.String, declaredAnnotations=[]}])
Arguments: [null,null,null,null,null,null,(java.lang.String) Devas Naka, Indore]">
      <![CDATA[org.testng.internal.reflect.MethodMatcherException: 
[public void org.fxb.experts_staging.testcases.TC_For_Registration_Experts_Staging.step_3_Basic_Data(java.lang.String) throws java.lang.InterruptedException] has no parameters defined but was found to be using a data provider (either explicitly specified or inherited from class level annotation).
Data provider mismatch
Method: step_3_Basic_Data([Parameter{index=0, type=java.lang.String, declaredAnnotations=[]}])
Arguments: [null,null,null,null,null,null,(java.lang.String) Devas Naka, Indore]
at java.base/java.util.concurrent.ThreadPoolExecutor.runWorker(ThreadPoolExecutor.java:1136)
at java.base/java.util.concurrent.ThreadPoolExecutor$Worker.run(ThreadPoolExecutor.java:635)
at java.base/java.lang.Thread.run(Thread.java:833)
... Removed 7 stack frames]]>
    </failure>
  </testcase> <!-- step_3_Basic_Data -->
  <testcase classname="org.fxb.experts_staging.testcases.TC_For_Registration_Experts_Staging" name="Step_4_Work_Experience" time="0.0">
    <skipped/>
  </testcase> <!-- Step_4_Work_Experience -->
  <testcase classname="org.fxb.experts_staging.testcases.TC_For_Registration_Experts_Staging" name="Step_5_Annual_Compensation" time="0.0">
    <skipped/>
  </testcase> <!-- Step_5_Annual_Compensation -->
  <testcase classname="org.fxb.experts_staging.testcases.TC_For_Registration_Experts_Staging" name="Step_5_Education" time="0.0">
    <skipped/>
  </testcase> <!-- Step_5_Education -->
  <testcase classname="org.fxb.experts_staging.testcases.TC_For_Registration_Experts_Staging" name="mobileNumberVerification" time="0.0">
    <ignored/>
  </testcase> <!-- mobileNumberVerification -->
</testsuite> <!-- Test -->
