<html>
<head>
<title>TestNG:  Test</title>
<link href="../testng.css" rel="stylesheet" type="text/css" />
<link href="../my-testng.css" rel="stylesheet" type="text/css" />

<style type="text/css">
.log { display: none;} 
.stack-trace { display: none;} 
</style>
<script type="text/javascript">
<!--
function flip(e) {
  current = e.style.display;
  if (current == 'block') {
    e.style.display = 'none';
    return 0;
  }
  else {
    e.style.display = 'block';
    return 1;
  }
}

function toggleBox(szDivId, elem, msg1, msg2)
{
  var res = -1;  if (document.getElementById) {
    res = flip(document.getElementById(szDivId));
  }
  else if (document.all) {
    // this is the way old msie versions work
    res = flip(document.all[szDivId]);
  }
  if(elem) {
    if(res == 0) elem.innerHTML = msg1; else elem.innerHTML = msg2;
  }

}

function toggleAllBoxes() {
  if (document.getElementsByTagName) {
    d = document.getElementsByTagName('div');
    for (i = 0; i < d.length; i++) {
      if (d[i].className == 'log') {
        flip(d[i]);
      }
    }
  }
}

// -->
</script>

</head>
<body>
<h2 align='center'>Test</h2><table border='1' align="center">
<tr>
<td>Tests passed/Failed/Skipped:</td><td>0/1/7</td>
</tr><tr>
<td>Started on:</td><td>Tue Oct 17 13:36:26 IST 2023</td>
</tr>
<tr><td>Total time:</td><td>1 seconds (1996 ms)</td>
</tr><tr>
<td>Included groups:</td><td></td>
</tr><tr>
<td>Excluded groups:</td><td></td>
</tr>
</table><p/>
<small><i>(Hover the method name to see the test class name)</i></small><p/>
<table width='100%' border='1' class='invocation-failed'>
<tr><td colspan='4' align='center'><b>FAILED CONFIGURATIONS</b></td></tr>
<tr><td><b>Test method</b></td>
<td width="30%"><b>Exception</b></td>
<td width="10%"><b>Time (seconds)</b></td>
<td><b>Instance</b></td>
</tr>
<tr>
<td title='org.fxb.experts_staging.testcases.TC_For_Registration_Experts_Staging.restrictionPage()'><b>restrictionPage</b><br>Test class: org.fxb.experts_staging.testcases.TC_For_Registration_Experts_Staging</td>
<td><div><pre>org.testng.TestNGException: 
Parameter &apos;Browser&apos; is required by BeforeSuite on method restrictionPage but has not been marked @Optional or defined
in C:\Users\Fxbytes\eclipse-workspace\Fxbytes_Experts-Staging\testng.xml
... Removed 16 stack frames</pre></div><a href='#' onClick='toggleBox("stack-trace464887938", this, "Click to show all stack frames", "Click to hide stack frames")'>Click to show all stack frames</a>
<div class='stack-trace' id='stack-trace464887938'><pre>org.testng.TestNGException: 
Parameter &apos;Browser&apos; is required by BeforeSuite on method restrictionPage but has not been marked @Optional or defined
in C:\Users\Fxbytes\eclipse-workspace\Fxbytes_Experts-Staging\testng.xml
	at org.testng.internal.Parameters.createParams(Parameters.java:270)
	at org.testng.internal.Parameters.createParametersForMethod(Parameters.java:358)
	at org.testng.internal.Parameters.createParameters(Parameters.java:700)
	at org.testng.internal.Parameters.createConfigurationParameters(Parameters.java:168)
	at org.testng.internal.ConfigInvoker.invokeConfigurations(ConfigInvoker.java:302)
	at org.testng.SuiteRunner.privateRun(SuiteRunner.java:317)
	at org.testng.SuiteRunner.run(SuiteRunner.java:276)
	at org.testng.SuiteRunnerWorker.runSuite(SuiteRunnerWorker.java:53)
	at org.testng.SuiteRunnerWorker.run(SuiteRunnerWorker.java:96)
	at org.testng.TestNG.runSuitesSequentially(TestNG.java:1212)
	at org.testng.TestNG.runSuitesLocally(TestNG.java:1134)
	at org.testng.TestNG.runSuites(TestNG.java:1063)
	at org.testng.TestNG.run(TestNG.java:1031)
	at org.testng.remote.AbstractRemoteTestNG.run(AbstractRemoteTestNG.java:115)
	at org.testng.remote.RemoteTestNG.initAndRun(RemoteTestNG.java:251)
	at org.testng.remote.RemoteTestNG.main(RemoteTestNG.java:77)
</pre></div></td>
<td>-1697529986</td>
<td>org.fxb.experts_staging.testcases.TC_For_Registration_Experts_Staging@1fa268de</td></tr>
</table><p>
<table width='100%' border='1' class='invocation-failed'>
<tr><td colspan='4' align='center'><b>FAILED TESTS</b></td></tr>
<tr><td><b>Test method</b></td>
<td width="30%"><b>Exception</b></td>
<td width="10%"><b>Time (seconds)</b></td>
<td><b>Instance</b></td>
</tr>
<tr>
<td title='org.fxb.experts_staging.testcases.TC_For_Registration_Experts_Staging.step_3_Basic_Data()'><b>step_3_Basic_Data</b><br>Test class: org.fxb.experts_staging.testcases.TC_For_Registration_Experts_Staging</td>
<td><div><pre>org.testng.internal.reflect.MethodMatcherException: 
[public void org.fxb.experts_staging.testcases.TC_For_Registration_Experts_Staging.step_3_Basic_Data(java.lang.String) throws java.lang.InterruptedException] has no parameters defined but was found to be using a data provider (either explicitly specified or inherited from class level annotation).
Data provider mismatch
Method: step_3_Basic_Data([Parameter{index=0, type=java.lang.String, declaredAnnotations=[]}])
Arguments: [null,null,null,null,null,null,(java.lang.String) Devas Naka, Indore]
	at java.base/java.util.concurrent.ThreadPoolExecutor.runWorker(ThreadPoolExecutor.java:1136)
	at java.base/java.util.concurrent.ThreadPoolExecutor$Worker.run(ThreadPoolExecutor.java:635)
	at java.base/java.lang.Thread.run(Thread.java:833)
... Removed 7 stack frames</pre></div><a href='#' onClick='toggleBox("stack-trace1343744728", this, "Click to show all stack frames", "Click to hide stack frames")'>Click to show all stack frames</a>
<div class='stack-trace' id='stack-trace1343744728'><pre>org.testng.internal.reflect.MethodMatcherException: 
[public void org.fxb.experts_staging.testcases.TC_For_Registration_Experts_Staging.step_3_Basic_Data(java.lang.String) throws java.lang.InterruptedException] has no parameters defined but was found to be using a data provider (either explicitly specified or inherited from class level annotation).
Data provider mismatch
Method: step_3_Basic_Data([Parameter{index=0, type=java.lang.String, declaredAnnotations=[]}])
Arguments: [null,null,null,null,null,null,(java.lang.String) Devas Naka, Indore]
	at org.testng.internal.reflect.DataProviderMethodMatcher.getConformingArguments(DataProviderMethodMatcher.java:43)
	at org.testng.internal.Parameters.injectParameters(Parameters.java:914)
	at org.testng.internal.MethodRunner.runInSequence(MethodRunner.java:34)
	at org.testng.internal.TestInvoker$MethodInvocationAgent.invoke(TestInvoker.java:824)
	at org.testng.internal.TestInvoker.invokeTestMethods(TestInvoker.java:146)
	at org.testng.internal.TestMethodWorker.invokeTestMethods(TestMethodWorker.java:146)
	at org.testng.internal.TestMethodWorker.run(TestMethodWorker.java:128)
	at java.base/java.util.concurrent.ThreadPoolExecutor.runWorker(ThreadPoolExecutor.java:1136)
	at java.base/java.util.concurrent.ThreadPoolExecutor$Worker.run(ThreadPoolExecutor.java:635)
	at java.base/java.lang.Thread.run(Thread.java:833)
</pre></div></td>
<td>0</td>
<td>org.fxb.experts_staging.testcases.TC_For_Registration_Experts_Staging@1fa268de</td></tr>
</table><p>
<table width='100%' border='1' class='invocation-skipped'>
<tr><td colspan='4' align='center'><b>SKIPPED TESTS</b></td></tr>
<tr><td><b>Test method</b></td>
<td width="30%"><b>Exception</b></td>
<td width="10%"><b>Time (seconds)</b></td>
<td><b>Instance</b></td>
</tr>
<tr>
<td title='org.fxb.experts_staging.testcases.TC_For_Registration_Experts_Staging.Step_4_Work_Experience()'><b>Step_4_Work_Experience</b><br>Test class: org.fxb.experts_staging.testcases.TC_For_Registration_Experts_Staging</td>
<td><div><pre>org.testng.TestNGException: 
Parameter &apos;Browser&apos; is required by BeforeSuite on method restrictionPage but has not been marked @Optional or defined
in C:\Users\Fxbytes\eclipse-workspace\Fxbytes_Experts-Staging\testng.xml
... Removed 16 stack frames</pre></div><a href='#' onClick='toggleBox("stack-trace640542665", this, "Click to show all stack frames", "Click to hide stack frames")'>Click to show all stack frames</a>
<div class='stack-trace' id='stack-trace640542665'><pre>org.testng.TestNGException: 
Parameter &apos;Browser&apos; is required by BeforeSuite on method restrictionPage but has not been marked @Optional or defined
in C:\Users\Fxbytes\eclipse-workspace\Fxbytes_Experts-Staging\testng.xml
	at org.testng.internal.Parameters.createParams(Parameters.java:270)
	at org.testng.internal.Parameters.createParametersForMethod(Parameters.java:358)
	at org.testng.internal.Parameters.createParameters(Parameters.java:700)
	at org.testng.internal.Parameters.createConfigurationParameters(Parameters.java:168)
	at org.testng.internal.ConfigInvoker.invokeConfigurations(ConfigInvoker.java:302)
	at org.testng.SuiteRunner.privateRun(SuiteRunner.java:317)
	at org.testng.SuiteRunner.run(SuiteRunner.java:276)
	at org.testng.SuiteRunnerWorker.runSuite(SuiteRunnerWorker.java:53)
	at org.testng.SuiteRunnerWorker.run(SuiteRunnerWorker.java:96)
	at org.testng.TestNG.runSuitesSequentially(TestNG.java:1212)
	at org.testng.TestNG.runSuitesLocally(TestNG.java:1134)
	at org.testng.TestNG.runSuites(TestNG.java:1063)
	at org.testng.TestNG.run(TestNG.java:1031)
	at org.testng.remote.AbstractRemoteTestNG.run(AbstractRemoteTestNG.java:115)
	at org.testng.remote.RemoteTestNG.initAndRun(RemoteTestNG.java:251)
	at org.testng.remote.RemoteTestNG.main(RemoteTestNG.java:77)
</pre></div></td>
<td>0</td>
<td>org.fxb.experts_staging.testcases.TC_For_Registration_Experts_Staging@1fa268de</td></tr>
<tr>
<td title='org.fxb.experts_staging.testcases.TC_For_Registration_Experts_Staging.step_2_Create_Your_Account()'><b>step_2_Create_Your_Account</b><br>Test class: org.fxb.experts_staging.testcases.TC_For_Registration_Experts_Staging<br>Parameters: Mayur, Charvande, Fxbytes@123, mayur.charvande+4@fxbytes1.com, 7620248349, 91</td>
<td><div><pre>org.testng.TestNGException: 
Parameter &apos;Browser&apos; is required by BeforeSuite on method restrictionPage but has not been marked @Optional or defined
in C:\Users\Fxbytes\eclipse-workspace\Fxbytes_Experts-Staging\testng.xml
... Removed 16 stack frames</pre></div><a href='#' onClick='toggleBox("stack-trace349876972", this, "Click to show all stack frames", "Click to hide stack frames")'>Click to show all stack frames</a>
<div class='stack-trace' id='stack-trace349876972'><pre>org.testng.TestNGException: 
Parameter &apos;Browser&apos; is required by BeforeSuite on method restrictionPage but has not been marked @Optional or defined
in C:\Users\Fxbytes\eclipse-workspace\Fxbytes_Experts-Staging\testng.xml
	at org.testng.internal.Parameters.createParams(Parameters.java:270)
	at org.testng.internal.Parameters.createParametersForMethod(Parameters.java:358)
	at org.testng.internal.Parameters.createParameters(Parameters.java:700)
	at org.testng.internal.Parameters.createConfigurationParameters(Parameters.java:168)
	at org.testng.internal.ConfigInvoker.invokeConfigurations(ConfigInvoker.java:302)
	at org.testng.SuiteRunner.privateRun(SuiteRunner.java:317)
	at org.testng.SuiteRunner.run(SuiteRunner.java:276)
	at org.testng.SuiteRunnerWorker.runSuite(SuiteRunnerWorker.java:53)
	at org.testng.SuiteRunnerWorker.run(SuiteRunnerWorker.java:96)
	at org.testng.TestNG.runSuitesSequentially(TestNG.java:1212)
	at org.testng.TestNG.runSuitesLocally(TestNG.java:1134)
	at org.testng.TestNG.runSuites(TestNG.java:1063)
	at org.testng.TestNG.run(TestNG.java:1031)
	at org.testng.remote.AbstractRemoteTestNG.run(AbstractRemoteTestNG.java:115)
	at org.testng.remote.RemoteTestNG.initAndRun(RemoteTestNG.java:251)
	at org.testng.remote.RemoteTestNG.main(RemoteTestNG.java:77)
</pre></div></td>
<td>0</td>
<td>org.fxb.experts_staging.testcases.TC_For_Registration_Experts_Staging@1fa268de</td></tr>
<tr>
<td title='org.fxb.experts_staging.testcases.TC_For_Registration_Experts_Staging.Step_5_Annual_Compensation()'><b>Step_5_Annual_Compensation</b><br>Test class: org.fxb.experts_staging.testcases.TC_For_Registration_Experts_Staging</td>
<td><div><pre>org.testng.TestNGException: 
Parameter &apos;Browser&apos; is required by BeforeSuite on method restrictionPage but has not been marked @Optional or defined
in C:\Users\Fxbytes\eclipse-workspace\Fxbytes_Experts-Staging\testng.xml
... Removed 16 stack frames</pre></div><a href='#' onClick='toggleBox("stack-trace26561442", this, "Click to show all stack frames", "Click to hide stack frames")'>Click to show all stack frames</a>
<div class='stack-trace' id='stack-trace26561442'><pre>org.testng.TestNGException: 
Parameter &apos;Browser&apos; is required by BeforeSuite on method restrictionPage but has not been marked @Optional or defined
in C:\Users\Fxbytes\eclipse-workspace\Fxbytes_Experts-Staging\testng.xml
	at org.testng.internal.Parameters.createParams(Parameters.java:270)
	at org.testng.internal.Parameters.createParametersForMethod(Parameters.java:358)
	at org.testng.internal.Parameters.createParameters(Parameters.java:700)
	at org.testng.internal.Parameters.createConfigurationParameters(Parameters.java:168)
	at org.testng.internal.ConfigInvoker.invokeConfigurations(ConfigInvoker.java:302)
	at org.testng.SuiteRunner.privateRun(SuiteRunner.java:317)
	at org.testng.SuiteRunner.run(SuiteRunner.java:276)
	at org.testng.SuiteRunnerWorker.runSuite(SuiteRunnerWorker.java:53)
	at org.testng.SuiteRunnerWorker.run(SuiteRunnerWorker.java:96)
	at org.testng.TestNG.runSuitesSequentially(TestNG.java:1212)
	at org.testng.TestNG.runSuitesLocally(TestNG.java:1134)
	at org.testng.TestNG.runSuites(TestNG.java:1063)
	at org.testng.TestNG.run(TestNG.java:1031)
	at org.testng.remote.AbstractRemoteTestNG.run(AbstractRemoteTestNG.java:115)
	at org.testng.remote.RemoteTestNG.initAndRun(RemoteTestNG.java:251)
	at org.testng.remote.RemoteTestNG.main(RemoteTestNG.java:77)
</pre></div></td>
<td>0</td>
<td>org.fxb.experts_staging.testcases.TC_For_Registration_Experts_Staging@1fa268de</td></tr>
<tr>
<td title='org.fxb.experts_staging.testcases.TC_For_Registration_Experts_Staging.step_1_Confirm_Eligibility()'><b>step_1_Confirm_Eligibility</b><br>Test class: org.fxb.experts_staging.testcases.TC_For_Registration_Experts_Staging</td>
<td><div><pre>org.testng.TestNGException: 
Parameter &apos;Browser&apos; is required by BeforeSuite on method restrictionPage but has not been marked @Optional or defined
in C:\Users\Fxbytes\eclipse-workspace\Fxbytes_Experts-Staging\testng.xml
... Removed 16 stack frames</pre></div><a href='#' onClick='toggleBox("stack-trace1263922047", this, "Click to show all stack frames", "Click to hide stack frames")'>Click to show all stack frames</a>
<div class='stack-trace' id='stack-trace1263922047'><pre>org.testng.TestNGException: 
Parameter &apos;Browser&apos; is required by BeforeSuite on method restrictionPage but has not been marked @Optional or defined
in C:\Users\Fxbytes\eclipse-workspace\Fxbytes_Experts-Staging\testng.xml
	at org.testng.internal.Parameters.createParams(Parameters.java:270)
	at org.testng.internal.Parameters.createParametersForMethod(Parameters.java:358)
	at org.testng.internal.Parameters.createParameters(Parameters.java:700)
	at org.testng.internal.Parameters.createConfigurationParameters(Parameters.java:168)
	at org.testng.internal.ConfigInvoker.invokeConfigurations(ConfigInvoker.java:302)
	at org.testng.SuiteRunner.privateRun(SuiteRunner.java:317)
	at org.testng.SuiteRunner.run(SuiteRunner.java:276)
	at org.testng.SuiteRunnerWorker.runSuite(SuiteRunnerWorker.java:53)
	at org.testng.SuiteRunnerWorker.run(SuiteRunnerWorker.java:96)
	at org.testng.TestNG.runSuitesSequentially(TestNG.java:1212)
	at org.testng.TestNG.runSuitesLocally(TestNG.java:1134)
	at org.testng.TestNG.runSuites(TestNG.java:1063)
	at org.testng.TestNG.run(TestNG.java:1031)
	at org.testng.remote.AbstractRemoteTestNG.run(AbstractRemoteTestNG.java:115)
	at org.testng.remote.RemoteTestNG.initAndRun(RemoteTestNG.java:251)
	at org.testng.remote.RemoteTestNG.main(RemoteTestNG.java:77)
</pre></div></td>
<td>0</td>
<td>org.fxb.experts_staging.testcases.TC_For_Registration_Experts_Staging@1fa268de</td></tr>
<tr>
<td title='org.fxb.experts_staging.testcases.TC_For_Registration_Experts_Staging.Step_5_Education()'><b>Step_5_Education</b><br>Test class: org.fxb.experts_staging.testcases.TC_For_Registration_Experts_Staging</td>
<td><div><pre>org.testng.TestNGException: 
Parameter &apos;Browser&apos; is required by BeforeSuite on method restrictionPage but has not been marked @Optional or defined
in C:\Users\Fxbytes\eclipse-workspace\Fxbytes_Experts-Staging\testng.xml
... Removed 16 stack frames</pre></div><a href='#' onClick='toggleBox("stack-trace116844124", this, "Click to show all stack frames", "Click to hide stack frames")'>Click to show all stack frames</a>
<div class='stack-trace' id='stack-trace116844124'><pre>org.testng.TestNGException: 
Parameter &apos;Browser&apos; is required by BeforeSuite on method restrictionPage but has not been marked @Optional or defined
in C:\Users\Fxbytes\eclipse-workspace\Fxbytes_Experts-Staging\testng.xml
	at org.testng.internal.Parameters.createParams(Parameters.java:270)
	at org.testng.internal.Parameters.createParametersForMethod(Parameters.java:358)
	at org.testng.internal.Parameters.createParameters(Parameters.java:700)
	at org.testng.internal.Parameters.createConfigurationParameters(Parameters.java:168)
	at org.testng.internal.ConfigInvoker.invokeConfigurations(ConfigInvoker.java:302)
	at org.testng.SuiteRunner.privateRun(SuiteRunner.java:317)
	at org.testng.SuiteRunner.run(SuiteRunner.java:276)
	at org.testng.SuiteRunnerWorker.runSuite(SuiteRunnerWorker.java:53)
	at org.testng.SuiteRunnerWorker.run(SuiteRunnerWorker.java:96)
	at org.testng.TestNG.runSuitesSequentially(TestNG.java:1212)
	at org.testng.TestNG.runSuitesLocally(TestNG.java:1134)
	at org.testng.TestNG.runSuites(TestNG.java:1063)
	at org.testng.TestNG.run(TestNG.java:1031)
	at org.testng.remote.AbstractRemoteTestNG.run(AbstractRemoteTestNG.java:115)
	at org.testng.remote.RemoteTestNG.initAndRun(RemoteTestNG.java:251)
	at org.testng.remote.RemoteTestNG.main(RemoteTestNG.java:77)
</pre></div></td>
<td>0</td>
<td>org.fxb.experts_staging.testcases.TC_For_Registration_Experts_Staging@1fa268de</td></tr>
<tr>
<td title='org.fxb.experts_staging.testcases.TC_For_Registration_Experts_Staging.step_2_click_next_button()'><b>step_2_click_next_button</b><br>Test class: org.fxb.experts_staging.testcases.TC_For_Registration_Experts_Staging</td>
<td><div><pre>org.testng.TestNGException: 
Parameter &apos;Browser&apos; is required by BeforeSuite on method restrictionPage but has not been marked @Optional or defined
in C:\Users\Fxbytes\eclipse-workspace\Fxbytes_Experts-Staging\testng.xml
... Removed 16 stack frames</pre></div><a href='#' onClick='toggleBox("stack-trace1465100936", this, "Click to show all stack frames", "Click to hide stack frames")'>Click to show all stack frames</a>
<div class='stack-trace' id='stack-trace1465100936'><pre>org.testng.TestNGException: 
Parameter &apos;Browser&apos; is required by BeforeSuite on method restrictionPage but has not been marked @Optional or defined
in C:\Users\Fxbytes\eclipse-workspace\Fxbytes_Experts-Staging\testng.xml
	at org.testng.internal.Parameters.createParams(Parameters.java:270)
	at org.testng.internal.Parameters.createParametersForMethod(Parameters.java:358)
	at org.testng.internal.Parameters.createParameters(Parameters.java:700)
	at org.testng.internal.Parameters.createConfigurationParameters(Parameters.java:168)
	at org.testng.internal.ConfigInvoker.invokeConfigurations(ConfigInvoker.java:302)
	at org.testng.SuiteRunner.privateRun(SuiteRunner.java:317)
	at org.testng.SuiteRunner.run(SuiteRunner.java:276)
	at org.testng.SuiteRunnerWorker.runSuite(SuiteRunnerWorker.java:53)
	at org.testng.SuiteRunnerWorker.run(SuiteRunnerWorker.java:96)
	at org.testng.TestNG.runSuitesSequentially(TestNG.java:1212)
	at org.testng.TestNG.runSuitesLocally(TestNG.java:1134)
	at org.testng.TestNG.runSuites(TestNG.java:1063)
	at org.testng.TestNG.run(TestNG.java:1031)
	at org.testng.remote.AbstractRemoteTestNG.run(AbstractRemoteTestNG.java:115)
	at org.testng.remote.RemoteTestNG.initAndRun(RemoteTestNG.java:251)
	at org.testng.remote.RemoteTestNG.main(RemoteTestNG.java:77)
</pre></div></td>
<td>0</td>
<td>org.fxb.experts_staging.testcases.TC_For_Registration_Experts_Staging@1fa268de</td></tr>
<tr>
<td title='org.fxb.experts_staging.testcases.TC_For_Registration_Experts_Staging.step_2_Create_Your_Account()'><b>step_2_Create_Your_Account</b><br>Test class: org.fxb.experts_staging.testcases.TC_For_Registration_Experts_Staging<br>Parameters: Rahul , Charvande, Fxbytes@124, mayur.charvande+3@fxbytes2.com, 7045827283, 92</td>
<td><div><pre>org.testng.TestNGException: 
Parameter &apos;Browser&apos; is required by BeforeSuite on method restrictionPage but has not been marked @Optional or defined
in C:\Users\Fxbytes\eclipse-workspace\Fxbytes_Experts-Staging\testng.xml
... Removed 16 stack frames</pre></div><a href='#' onClick='toggleBox("stack-trace40504340", this, "Click to show all stack frames", "Click to hide stack frames")'>Click to show all stack frames</a>
<div class='stack-trace' id='stack-trace40504340'><pre>org.testng.TestNGException: 
Parameter &apos;Browser&apos; is required by BeforeSuite on method restrictionPage but has not been marked @Optional or defined
in C:\Users\Fxbytes\eclipse-workspace\Fxbytes_Experts-Staging\testng.xml
	at org.testng.internal.Parameters.createParams(Parameters.java:270)
	at org.testng.internal.Parameters.createParametersForMethod(Parameters.java:358)
	at org.testng.internal.Parameters.createParameters(Parameters.java:700)
	at org.testng.internal.Parameters.createConfigurationParameters(Parameters.java:168)
	at org.testng.internal.ConfigInvoker.invokeConfigurations(ConfigInvoker.java:302)
	at org.testng.SuiteRunner.privateRun(SuiteRunner.java:317)
	at org.testng.SuiteRunner.run(SuiteRunner.java:276)
	at org.testng.SuiteRunnerWorker.runSuite(SuiteRunnerWorker.java:53)
	at org.testng.SuiteRunnerWorker.run(SuiteRunnerWorker.java:96)
	at org.testng.TestNG.runSuitesSequentially(TestNG.java:1212)
	at org.testng.TestNG.runSuitesLocally(TestNG.java:1134)
	at org.testng.TestNG.runSuites(TestNG.java:1063)
	at org.testng.TestNG.run(TestNG.java:1031)
	at org.testng.remote.AbstractRemoteTestNG.run(AbstractRemoteTestNG.java:115)
	at org.testng.remote.RemoteTestNG.initAndRun(RemoteTestNG.java:251)
	at org.testng.remote.RemoteTestNG.main(RemoteTestNG.java:77)
</pre></div></td>
<td>0</td>
<td>org.fxb.experts_staging.testcases.TC_For_Registration_Experts_Staging@1fa268de</td></tr>
</table><p>
</body>
</html>